2021-12-10 18:54:01 [::1][8][-][error][yii\web\HttpException:404] yii\base\InvalidRouteException: Unable to resolve the request "site/index". in C:\wamp64\www\GFast\vendor\yiisoft\yii2\base\Module.php:543
Stack trace:
#0 C:\wamp64\www\GFast\vendor\yiisoft\yii2\web\Application.php(104): yii\base\Module->runAction('site/index', Array)
#1 C:\wamp64\www\GFast\vendor\yiisoft\yii2\base\Application.php(392): yii\web\Application->handleRequest(Object(yii\web\Request))
#2 C:\wamp64\www\GFast\api\web\index.php(18): yii\base\Application->run()
#3 {main}

Next yii\web\NotFoundHttpException: Page not found. in C:\wamp64\www\GFast\vendor\yiisoft\yii2\web\Application.php:116
Stack trace:
#0 C:\wamp64\www\GFast\vendor\yiisoft\yii2\base\Application.php(392): yii\web\Application->handleRequest(Object(yii\web\Request))
#1 C:\wamp64\www\GFast\api\web\index.php(18): yii\base\Application->run()
#2 {main}
2021-12-10 18:54:01 [::1][8][-][info][application] $_GET = [
    'r' => 'site/index'
]

$_POST = []

$_FILES = []

$_COOKIE = [
    'advanced-frontend' => 'n3n2s4e6qbqn8i62pvbtdq0ktr'
    '_identity-frontend' => '8b9470fdd72494267819e283c2720f582dc7ef15cbc07a084539e72682f356e9a:2:{i:0;s:18:\"_identity-frontend\";i:1;s:46:\"[8,\"4tHXaQz54QJ7fe4MHqVPL8D9IZY6SQdg\",2592000]\";}'
    '_csrf-frontend' => '317ddf1834e121dda22b7aaf0d7321f1c47492e2269c76cd411da1431450029da:2:{i:0;s:14:\"_csrf-frontend\";i:1;s:32:\"7V2Ildv6wk_crcbw0dz7TtnxQUpN5UzE\";}'
]

$_SESSION = [
    '__flash' => []
    '__id' => 8
    '__authKey' => '4tHXaQz54QJ7fe4MHqVPL8D9IZY6SQdg'
]

$_SERVER = [
    'HTTP_HOST' => 'localhost'
    'HTTP_CONNECTION' => 'keep-alive'
    'HTTP_CACHE_CONTROL' => 'max-age=0'
    'HTTP_SEC_CH_UA' => '\" Not A;Brand\";v=\"99\", \"Chromium\";v=\"96\", \"Google Chrome\";v=\"96\"'
    'HTTP_SEC_CH_UA_MOBILE' => '?0'
    'HTTP_SEC_CH_UA_PLATFORM' => '\"Windows\"'
    'HTTP_UPGRADE_INSECURE_REQUESTS' => '1'
    'HTTP_USER_AGENT' => 'Mozilla/5.0 (Windows NT 10.0; Win64; x64) AppleWebKit/537.36 (KHTML, like Gecko) Chrome/96.0.4664.93 Safari/537.36'
    'HTTP_ACCEPT' => 'text/html,application/xhtml+xml,application/xml;q=0.9,image/avif,image/webp,image/apng,*/*;q=0.8,application/signed-exchange;v=b3;q=0.9'
    'HTTP_SEC_FETCH_SITE' => 'none'
    'HTTP_SEC_FETCH_MODE' => 'navigate'
    'HTTP_SEC_FETCH_USER' => '?1'
    'HTTP_SEC_FETCH_DEST' => 'document'
    'HTTP_ACCEPT_ENCODING' => 'gzip, deflate, br'
    'HTTP_ACCEPT_LANGUAGE' => 'pt-PT,pt;q=0.9,en-US;q=0.8,en;q=0.7'
    'HTTP_COOKIE' => 'advanced-frontend=n3n2s4e6qbqn8i62pvbtdq0ktr; _identity-frontend=8b9470fdd72494267819e283c2720f582dc7ef15cbc07a084539e72682f356e9a%3A2%3A%7Bi%3A0%3Bs%3A18%3A%22_identity-frontend%22%3Bi%3A1%3Bs%3A46%3A%22%5B8%2C%224tHXaQz54QJ7fe4MHqVPL8D9IZY6SQdg%22%2C2592000%5D%22%3B%7D; _csrf-frontend=317ddf1834e121dda22b7aaf0d7321f1c47492e2269c76cd411da1431450029da%3A2%3A%7Bi%3A0%3Bs%3A14%3A%22_csrf-frontend%22%3Bi%3A1%3Bs%3A32%3A%227V2Ildv6wk_crcbw0dz7TtnxQUpN5UzE%22%3B%7D'
    'PATH' => 'C:\\Program Files (x86)\\Common Files\\Oracle\\Java\\javapath;C:\\Windows\\system32;C:\\Windows;C:\\Windows\\System32\\Wbem;C:\\Windows\\System32\\WindowsPowerShell\\v1.0\\;C:\\Windows\\System32\\OpenSSH\\;C:\\Program Files (x86)\\dotnet\\;C:\\ProgramData\\ComposerSetup\\bin;C:\\Program Files\\Git\\cmd;C:\\wamp64\\bin\\php\\php7.3.21;C:\\Windows\\syswow64\\config\\systemprofile\\AppData\\Local\\Microsoft\\WindowsApps'
    'SystemRoot' => 'C:\\Windows'
    'COMSPEC' => 'C:\\Windows\\system32\\cmd.exe'
    'PATHEXT' => '.COM;.EXE;.BAT;.CMD;.VBS;.VBE;.JS;.JSE;.WSF;.WSH;.MSC'
    'WINDIR' => 'C:\\Windows'
    'SERVER_SIGNATURE' => '<address>Apache/2.4.46 (Win64) PHP/7.3.21 Server at localhost Port 80</address>
'
    'SERVER_SOFTWARE' => 'Apache/2.4.46 (Win64) PHP/7.3.21'
    'SERVER_NAME' => 'localhost'
    'SERVER_ADDR' => '::1'
    'SERVER_PORT' => '80'
    'REMOTE_ADDR' => '::1'
    'DOCUMENT_ROOT' => 'C:/wamp64/www'
    'REQUEST_SCHEME' => 'http'
    'CONTEXT_PREFIX' => ''
    'CONTEXT_DOCUMENT_ROOT' => 'C:/wamp64/www'
    'SERVER_ADMIN' => 'wampserver@wampserver.invalid'
    'SCRIPT_FILENAME' => 'C:/wamp64/www/GFast/api/web/index.php'
    'REMOTE_PORT' => '64511'
    'GATEWAY_INTERFACE' => 'CGI/1.1'
    'SERVER_PROTOCOL' => 'HTTP/1.1'
    'REQUEST_METHOD' => 'GET'
    'QUERY_STRING' => 'r=site%2Findex'
    'REQUEST_URI' => '/gfast/api/web/index.php?r=site%2Findex'
    'SCRIPT_NAME' => '/gfast/api/web/index.php'
    'PHP_SELF' => '/gfast/api/web/index.php'
    'REQUEST_TIME_FLOAT' => 1639162441.5504
    'REQUEST_TIME' => 1639162441
]
2021-12-10 18:57:11 [::1][8][-][error][yii\web\HttpException:404] yii\base\InvalidRouteException: Unable to resolve the request "site/index". in C:\wamp64\www\GFast\vendor\yiisoft\yii2\base\Module.php:543
Stack trace:
#0 C:\wamp64\www\GFast\vendor\yiisoft\yii2\web\Application.php(104): yii\base\Module->runAction('site/index', Array)
#1 C:\wamp64\www\GFast\vendor\yiisoft\yii2\base\Application.php(392): yii\web\Application->handleRequest(Object(yii\web\Request))
#2 C:\wamp64\www\GFast\api\web\index.php(18): yii\base\Application->run()
#3 {main}

Next yii\web\NotFoundHttpException: Page not found. in C:\wamp64\www\GFast\vendor\yiisoft\yii2\web\Application.php:116
Stack trace:
#0 C:\wamp64\www\GFast\vendor\yiisoft\yii2\base\Application.php(392): yii\web\Application->handleRequest(Object(yii\web\Request))
#1 C:\wamp64\www\GFast\api\web\index.php(18): yii\base\Application->run()
#2 {main}
2021-12-10 18:57:11 [::1][8][-][info][application] $_GET = [
    'r' => 'site/index'
]

$_POST = []

$_FILES = []

$_COOKIE = [
    'advanced-frontend' => 'n3n2s4e6qbqn8i62pvbtdq0ktr'
    '_identity-frontend' => '8b9470fdd72494267819e283c2720f582dc7ef15cbc07a084539e72682f356e9a:2:{i:0;s:18:\"_identity-frontend\";i:1;s:46:\"[8,\"4tHXaQz54QJ7fe4MHqVPL8D9IZY6SQdg\",2592000]\";}'
    '_csrf-frontend' => '317ddf1834e121dda22b7aaf0d7321f1c47492e2269c76cd411da1431450029da:2:{i:0;s:14:\"_csrf-frontend\";i:1;s:32:\"7V2Ildv6wk_crcbw0dz7TtnxQUpN5UzE\";}'
    'advanced-api' => 'n7qgpdd7ju7c5cqatk9te1qp1r'
]

$_SESSION = [
    '__flash' => []
    '__id' => 8
    '__authKey' => '4tHXaQz54QJ7fe4MHqVPL8D9IZY6SQdg'
]

$_SERVER = [
    'HTTP_HOST' => 'localhost'
    'HTTP_CONNECTION' => 'keep-alive'
    'HTTP_CACHE_CONTROL' => 'max-age=0'
    'HTTP_SEC_CH_UA' => '\" Not A;Brand\";v=\"99\", \"Chromium\";v=\"96\", \"Google Chrome\";v=\"96\"'
    'HTTP_SEC_CH_UA_MOBILE' => '?0'
    'HTTP_SEC_CH_UA_PLATFORM' => '\"Windows\"'
    'HTTP_UPGRADE_INSECURE_REQUESTS' => '1'
    'HTTP_USER_AGENT' => 'Mozilla/5.0 (Windows NT 10.0; Win64; x64) AppleWebKit/537.36 (KHTML, like Gecko) Chrome/96.0.4664.93 Safari/537.36'
    'HTTP_ACCEPT' => 'text/html,application/xhtml+xml,application/xml;q=0.9,image/avif,image/webp,image/apng,*/*;q=0.8,application/signed-exchange;v=b3;q=0.9'
    'HTTP_SEC_FETCH_SITE' => 'none'
    'HTTP_SEC_FETCH_MODE' => 'navigate'
    'HTTP_SEC_FETCH_USER' => '?1'
    'HTTP_SEC_FETCH_DEST' => 'document'
    'HTTP_ACCEPT_ENCODING' => 'gzip, deflate, br'
    'HTTP_ACCEPT_LANGUAGE' => 'pt-PT,pt;q=0.9,en-US;q=0.8,en;q=0.7'
    'HTTP_COOKIE' => 'advanced-frontend=n3n2s4e6qbqn8i62pvbtdq0ktr; _identity-frontend=8b9470fdd72494267819e283c2720f582dc7ef15cbc07a084539e72682f356e9a%3A2%3A%7Bi%3A0%3Bs%3A18%3A%22_identity-frontend%22%3Bi%3A1%3Bs%3A46%3A%22%5B8%2C%224tHXaQz54QJ7fe4MHqVPL8D9IZY6SQdg%22%2C2592000%5D%22%3B%7D; _csrf-frontend=317ddf1834e121dda22b7aaf0d7321f1c47492e2269c76cd411da1431450029da%3A2%3A%7Bi%3A0%3Bs%3A14%3A%22_csrf-frontend%22%3Bi%3A1%3Bs%3A32%3A%227V2Ildv6wk_crcbw0dz7TtnxQUpN5UzE%22%3B%7D; advanced-api=n7qgpdd7ju7c5cqatk9te1qp1r'
    'PATH' => 'C:\\Program Files (x86)\\Common Files\\Oracle\\Java\\javapath;C:\\Windows\\system32;C:\\Windows;C:\\Windows\\System32\\Wbem;C:\\Windows\\System32\\WindowsPowerShell\\v1.0\\;C:\\Windows\\System32\\OpenSSH\\;C:\\Program Files (x86)\\dotnet\\;C:\\ProgramData\\ComposerSetup\\bin;C:\\Program Files\\Git\\cmd;C:\\wamp64\\bin\\php\\php7.3.21;C:\\Windows\\syswow64\\config\\systemprofile\\AppData\\Local\\Microsoft\\WindowsApps'
    'SystemRoot' => 'C:\\Windows'
    'COMSPEC' => 'C:\\Windows\\system32\\cmd.exe'
    'PATHEXT' => '.COM;.EXE;.BAT;.CMD;.VBS;.VBE;.JS;.JSE;.WSF;.WSH;.MSC'
    'WINDIR' => 'C:\\Windows'
    'SERVER_SIGNATURE' => '<address>Apache/2.4.46 (Win64) PHP/7.3.21 Server at localhost Port 80</address>
'
    'SERVER_SOFTWARE' => 'Apache/2.4.46 (Win64) PHP/7.3.21'
    'SERVER_NAME' => 'localhost'
    'SERVER_ADDR' => '::1'
    'SERVER_PORT' => '80'
    'REMOTE_ADDR' => '::1'
    'DOCUMENT_ROOT' => 'C:/wamp64/www'
    'REQUEST_SCHEME' => 'http'
    'CONTEXT_PREFIX' => ''
    'CONTEXT_DOCUMENT_ROOT' => 'C:/wamp64/www'
    'SERVER_ADMIN' => 'wampserver@wampserver.invalid'
    'SCRIPT_FILENAME' => 'C:/wamp64/www/GFast/api/web/index.php'
    'REMOTE_PORT' => '64514'
    'GATEWAY_INTERFACE' => 'CGI/1.1'
    'SERVER_PROTOCOL' => 'HTTP/1.1'
    'REQUEST_METHOD' => 'GET'
    'QUERY_STRING' => 'r=site%2Findex'
    'REQUEST_URI' => '/gfast/api/web/index.php?r=site%2Findex'
    'SCRIPT_NAME' => '/gfast/api/web/index.php'
    'PHP_SELF' => '/gfast/api/web/index.php'
    'REQUEST_TIME_FLOAT' => 1639162631.117
    'REQUEST_TIME' => 1639162631
]
2021-12-10 19:13:30 [::1][-][-][error][yii\web\HttpException:404] yii\web\NotFoundHttpException: Page not found. in C:\wamp64\www\GFast\vendor\yiisoft\yii2\web\Request.php:293
Stack trace:
#0 C:\wamp64\www\GFast\vendor\yiisoft\yii2\web\Application.php(83): yii\web\Request->resolve()
#1 C:\wamp64\www\GFast\vendor\yiisoft\yii2\base\Application.php(392): yii\web\Application->handleRequest(Object(yii\web\Request))
#2 C:\wamp64\www\GFast\api\web\index.php(18): yii\base\Application->run()
#3 {main}
2021-12-10 19:13:30 [::1][-][-][info][application] $_GET = [
    'r' => 'site/index'
]

$_POST = []

$_FILES = []

$_COOKIE = [
    'advanced-frontend' => 'n3n2s4e6qbqn8i62pvbtdq0ktr'
    '_identity-frontend' => '8b9470fdd72494267819e283c2720f582dc7ef15cbc07a084539e72682f356e9a:2:{i:0;s:18:\"_identity-frontend\";i:1;s:46:\"[8,\"4tHXaQz54QJ7fe4MHqVPL8D9IZY6SQdg\",2592000]\";}'
    '_csrf-frontend' => '317ddf1834e121dda22b7aaf0d7321f1c47492e2269c76cd411da1431450029da:2:{i:0;s:14:\"_csrf-frontend\";i:1;s:32:\"7V2Ildv6wk_crcbw0dz7TtnxQUpN5UzE\";}'
    'advanced-api' => 'n7qgpdd7ju7c5cqatk9te1qp1r'
]

$_SERVER = [
    'HTTP_HOST' => 'localhost'
    'HTTP_CONNECTION' => 'keep-alive'
    'HTTP_CACHE_CONTROL' => 'max-age=0'
    'HTTP_SEC_CH_UA' => '\" Not A;Brand\";v=\"99\", \"Chromium\";v=\"96\", \"Google Chrome\";v=\"96\"'
    'HTTP_SEC_CH_UA_MOBILE' => '?0'
    'HTTP_SEC_CH_UA_PLATFORM' => '\"Windows\"'
    'HTTP_UPGRADE_INSECURE_REQUESTS' => '1'
    'HTTP_USER_AGENT' => 'Mozilla/5.0 (Windows NT 10.0; Win64; x64) AppleWebKit/537.36 (KHTML, like Gecko) Chrome/96.0.4664.93 Safari/537.36'
    'HTTP_ACCEPT' => 'text/html,application/xhtml+xml,application/xml;q=0.9,image/avif,image/webp,image/apng,*/*;q=0.8,application/signed-exchange;v=b3;q=0.9'
    'HTTP_SEC_FETCH_SITE' => 'none'
    'HTTP_SEC_FETCH_MODE' => 'navigate'
    'HTTP_SEC_FETCH_USER' => '?1'
    'HTTP_SEC_FETCH_DEST' => 'document'
    'HTTP_ACCEPT_ENCODING' => 'gzip, deflate, br'
    'HTTP_ACCEPT_LANGUAGE' => 'pt-PT,pt;q=0.9,en-US;q=0.8,en;q=0.7'
    'HTTP_COOKIE' => 'advanced-frontend=n3n2s4e6qbqn8i62pvbtdq0ktr; _identity-frontend=8b9470fdd72494267819e283c2720f582dc7ef15cbc07a084539e72682f356e9a%3A2%3A%7Bi%3A0%3Bs%3A18%3A%22_identity-frontend%22%3Bi%3A1%3Bs%3A46%3A%22%5B8%2C%224tHXaQz54QJ7fe4MHqVPL8D9IZY6SQdg%22%2C2592000%5D%22%3B%7D; _csrf-frontend=317ddf1834e121dda22b7aaf0d7321f1c47492e2269c76cd411da1431450029da%3A2%3A%7Bi%3A0%3Bs%3A14%3A%22_csrf-frontend%22%3Bi%3A1%3Bs%3A32%3A%227V2Ildv6wk_crcbw0dz7TtnxQUpN5UzE%22%3B%7D; advanced-api=n7qgpdd7ju7c5cqatk9te1qp1r'
    'PATH' => 'C:\\Program Files (x86)\\Common Files\\Oracle\\Java\\javapath;C:\\Windows\\system32;C:\\Windows;C:\\Windows\\System32\\Wbem;C:\\Windows\\System32\\WindowsPowerShell\\v1.0\\;C:\\Windows\\System32\\OpenSSH\\;C:\\Program Files (x86)\\dotnet\\;C:\\ProgramData\\ComposerSetup\\bin;C:\\Program Files\\Git\\cmd;C:\\wamp64\\bin\\php\\php7.3.21;C:\\Windows\\syswow64\\config\\systemprofile\\AppData\\Local\\Microsoft\\WindowsApps'
    'SystemRoot' => 'C:\\Windows'
    'COMSPEC' => 'C:\\Windows\\system32\\cmd.exe'
    'PATHEXT' => '.COM;.EXE;.BAT;.CMD;.VBS;.VBE;.JS;.JSE;.WSF;.WSH;.MSC'
    'WINDIR' => 'C:\\Windows'
    'SERVER_SIGNATURE' => '<address>Apache/2.4.46 (Win64) PHP/7.3.21 Server at localhost Port 80</address>
'
    'SERVER_SOFTWARE' => 'Apache/2.4.46 (Win64) PHP/7.3.21'
    'SERVER_NAME' => 'localhost'
    'SERVER_ADDR' => '::1'
    'SERVER_PORT' => '80'
    'REMOTE_ADDR' => '::1'
    'DOCUMENT_ROOT' => 'C:/wamp64/www'
    'REQUEST_SCHEME' => 'http'
    'CONTEXT_PREFIX' => ''
    'CONTEXT_DOCUMENT_ROOT' => 'C:/wamp64/www'
    'SERVER_ADMIN' => 'wampserver@wampserver.invalid'
    'SCRIPT_FILENAME' => 'C:/wamp64/www/GFast/api/web/index.php'
    'REMOTE_PORT' => '64528'
    'GATEWAY_INTERFACE' => 'CGI/1.1'
    'SERVER_PROTOCOL' => 'HTTP/1.1'
    'REQUEST_METHOD' => 'GET'
    'QUERY_STRING' => 'r=site%2Findex'
    'REQUEST_URI' => '/gfast/api/web/index.php?r=site%2Findex'
    'SCRIPT_NAME' => '/gfast/api/web/index.php'
    'PHP_SELF' => '/gfast/api/web/index.php'
    'REQUEST_TIME_FLOAT' => 1639163610.7726
    'REQUEST_TIME' => 1639163610
]
2021-12-10 19:17:22 [::1][-][-][error][yii\web\HttpException:404] yii\web\NotFoundHttpException: Page not found. in C:\wamp64\www\GFast\vendor\yiisoft\yii2\web\Request.php:293
Stack trace:
#0 C:\wamp64\www\GFast\vendor\yiisoft\yii2\web\Application.php(83): yii\web\Request->resolve()
#1 C:\wamp64\www\GFast\vendor\yiisoft\yii2\base\Application.php(392): yii\web\Application->handleRequest(Object(yii\web\Request))
#2 C:\wamp64\www\GFast\api\web\index.php(18): yii\base\Application->run()
#3 {main}
2021-12-10 19:17:22 [::1][-][-][info][application] $_GET = [
    'r' => 'site/index'
]

$_POST = []

$_FILES = []

$_COOKIE = [
    'advanced-frontend' => 'n3n2s4e6qbqn8i62pvbtdq0ktr'
    '_identity-frontend' => '8b9470fdd72494267819e283c2720f582dc7ef15cbc07a084539e72682f356e9a:2:{i:0;s:18:\"_identity-frontend\";i:1;s:46:\"[8,\"4tHXaQz54QJ7fe4MHqVPL8D9IZY6SQdg\",2592000]\";}'
    '_csrf-frontend' => '317ddf1834e121dda22b7aaf0d7321f1c47492e2269c76cd411da1431450029da:2:{i:0;s:14:\"_csrf-frontend\";i:1;s:32:\"7V2Ildv6wk_crcbw0dz7TtnxQUpN5UzE\";}'
    'advanced-api' => 'n7qgpdd7ju7c5cqatk9te1qp1r'
]

$_SERVER = [
    'HTTP_HOST' => 'localhost'
    'HTTP_CONNECTION' => 'keep-alive'
    'HTTP_CACHE_CONTROL' => 'max-age=0'
    'HTTP_SEC_CH_UA' => '\" Not A;Brand\";v=\"99\", \"Chromium\";v=\"96\", \"Google Chrome\";v=\"96\"'
    'HTTP_SEC_CH_UA_MOBILE' => '?0'
    'HTTP_SEC_CH_UA_PLATFORM' => '\"Windows\"'
    'HTTP_UPGRADE_INSECURE_REQUESTS' => '1'
    'HTTP_USER_AGENT' => 'Mozilla/5.0 (Windows NT 10.0; Win64; x64) AppleWebKit/537.36 (KHTML, like Gecko) Chrome/96.0.4664.93 Safari/537.36'
    'HTTP_ACCEPT' => 'text/html,application/xhtml+xml,application/xml;q=0.9,image/avif,image/webp,image/apng,*/*;q=0.8,application/signed-exchange;v=b3;q=0.9'
    'HTTP_SEC_FETCH_SITE' => 'none'
    'HTTP_SEC_FETCH_MODE' => 'navigate'
    'HTTP_SEC_FETCH_USER' => '?1'
    'HTTP_SEC_FETCH_DEST' => 'document'
    'HTTP_ACCEPT_ENCODING' => 'gzip, deflate, br'
    'HTTP_ACCEPT_LANGUAGE' => 'pt-PT,pt;q=0.9,en-US;q=0.8,en;q=0.7'
    'HTTP_COOKIE' => 'advanced-frontend=n3n2s4e6qbqn8i62pvbtdq0ktr; _identity-frontend=8b9470fdd72494267819e283c2720f582dc7ef15cbc07a084539e72682f356e9a%3A2%3A%7Bi%3A0%3Bs%3A18%3A%22_identity-frontend%22%3Bi%3A1%3Bs%3A46%3A%22%5B8%2C%224tHXaQz54QJ7fe4MHqVPL8D9IZY6SQdg%22%2C2592000%5D%22%3B%7D; _csrf-frontend=317ddf1834e121dda22b7aaf0d7321f1c47492e2269c76cd411da1431450029da%3A2%3A%7Bi%3A0%3Bs%3A14%3A%22_csrf-frontend%22%3Bi%3A1%3Bs%3A32%3A%227V2Ildv6wk_crcbw0dz7TtnxQUpN5UzE%22%3B%7D; advanced-api=n7qgpdd7ju7c5cqatk9te1qp1r'
    'PATH' => 'C:\\Program Files (x86)\\Common Files\\Oracle\\Java\\javapath;C:\\Windows\\system32;C:\\Windows;C:\\Windows\\System32\\Wbem;C:\\Windows\\System32\\WindowsPowerShell\\v1.0\\;C:\\Windows\\System32\\OpenSSH\\;C:\\Program Files (x86)\\dotnet\\;C:\\ProgramData\\ComposerSetup\\bin;C:\\Program Files\\Git\\cmd;C:\\wamp64\\bin\\php\\php7.3.21;C:\\Windows\\syswow64\\config\\systemprofile\\AppData\\Local\\Microsoft\\WindowsApps'
    'SystemRoot' => 'C:\\Windows'
    'COMSPEC' => 'C:\\Windows\\system32\\cmd.exe'
    'PATHEXT' => '.COM;.EXE;.BAT;.CMD;.VBS;.VBE;.JS;.JSE;.WSF;.WSH;.MSC'
    'WINDIR' => 'C:\\Windows'
    'SERVER_SIGNATURE' => '<address>Apache/2.4.46 (Win64) PHP/7.3.21 Server at localhost Port 80</address>
'
    'SERVER_SOFTWARE' => 'Apache/2.4.46 (Win64) PHP/7.3.21'
    'SERVER_NAME' => 'localhost'
    'SERVER_ADDR' => '::1'
    'SERVER_PORT' => '80'
    'REMOTE_ADDR' => '::1'
    'DOCUMENT_ROOT' => 'C:/wamp64/www'
    'REQUEST_SCHEME' => 'http'
    'CONTEXT_PREFIX' => ''
    'CONTEXT_DOCUMENT_ROOT' => 'C:/wamp64/www'
    'SERVER_ADMIN' => 'wampserver@wampserver.invalid'
    'SCRIPT_FILENAME' => 'C:/wamp64/www/GFast/api/web/index.php'
    'REMOTE_PORT' => '64536'
    'GATEWAY_INTERFACE' => 'CGI/1.1'
    'SERVER_PROTOCOL' => 'HTTP/1.1'
    'REQUEST_METHOD' => 'GET'
    'QUERY_STRING' => 'r=site%2Findex'
    'REQUEST_URI' => '/gfast/api/web/index.php?r=site%2Findex'
    'SCRIPT_NAME' => '/gfast/api/web/index.php'
    'PHP_SELF' => '/gfast/api/web/index.php'
    'REQUEST_TIME_FLOAT' => 1639163842.3906
    'REQUEST_TIME' => 1639163842
]
2021-12-10 19:17:23 [::1][-][-][error][yii\web\HttpException:404] yii\web\NotFoundHttpException: Page not found. in C:\wamp64\www\GFast\vendor\yiisoft\yii2\web\Request.php:293
Stack trace:
#0 C:\wamp64\www\GFast\vendor\yiisoft\yii2\web\Application.php(83): yii\web\Request->resolve()
#1 C:\wamp64\www\GFast\vendor\yiisoft\yii2\base\Application.php(392): yii\web\Application->handleRequest(Object(yii\web\Request))
#2 C:\wamp64\www\GFast\api\web\index.php(18): yii\base\Application->run()
#3 {main}
2021-12-10 19:17:23 [::1][-][-][info][application] $_GET = [
    'r' => 'site/index'
]

$_POST = []

$_FILES = []

$_COOKIE = [
    'advanced-frontend' => 'n3n2s4e6qbqn8i62pvbtdq0ktr'
    '_identity-frontend' => '8b9470fdd72494267819e283c2720f582dc7ef15cbc07a084539e72682f356e9a:2:{i:0;s:18:\"_identity-frontend\";i:1;s:46:\"[8,\"4tHXaQz54QJ7fe4MHqVPL8D9IZY6SQdg\",2592000]\";}'
    '_csrf-frontend' => '317ddf1834e121dda22b7aaf0d7321f1c47492e2269c76cd411da1431450029da:2:{i:0;s:14:\"_csrf-frontend\";i:1;s:32:\"7V2Ildv6wk_crcbw0dz7TtnxQUpN5UzE\";}'
    'advanced-api' => 'n7qgpdd7ju7c5cqatk9te1qp1r'
]

$_SERVER = [
    'HTTP_HOST' => 'localhost'
    'HTTP_CONNECTION' => 'keep-alive'
    'HTTP_CACHE_CONTROL' => 'max-age=0'
    'HTTP_SEC_CH_UA' => '\" Not A;Brand\";v=\"99\", \"Chromium\";v=\"96\", \"Google Chrome\";v=\"96\"'
    'HTTP_SEC_CH_UA_MOBILE' => '?0'
    'HTTP_SEC_CH_UA_PLATFORM' => '\"Windows\"'
    'HTTP_UPGRADE_INSECURE_REQUESTS' => '1'
    'HTTP_USER_AGENT' => 'Mozilla/5.0 (Windows NT 10.0; Win64; x64) AppleWebKit/537.36 (KHTML, like Gecko) Chrome/96.0.4664.93 Safari/537.36'
    'HTTP_ACCEPT' => 'text/html,application/xhtml+xml,application/xml;q=0.9,image/avif,image/webp,image/apng,*/*;q=0.8,application/signed-exchange;v=b3;q=0.9'
    'HTTP_SEC_FETCH_SITE' => 'none'
    'HTTP_SEC_FETCH_MODE' => 'navigate'
    'HTTP_SEC_FETCH_USER' => '?1'
    'HTTP_SEC_FETCH_DEST' => 'document'
    'HTTP_ACCEPT_ENCODING' => 'gzip, deflate, br'
    'HTTP_ACCEPT_LANGUAGE' => 'pt-PT,pt;q=0.9,en-US;q=0.8,en;q=0.7'
    'HTTP_COOKIE' => 'advanced-frontend=n3n2s4e6qbqn8i62pvbtdq0ktr; _identity-frontend=8b9470fdd72494267819e283c2720f582dc7ef15cbc07a084539e72682f356e9a%3A2%3A%7Bi%3A0%3Bs%3A18%3A%22_identity-frontend%22%3Bi%3A1%3Bs%3A46%3A%22%5B8%2C%224tHXaQz54QJ7fe4MHqVPL8D9IZY6SQdg%22%2C2592000%5D%22%3B%7D; _csrf-frontend=317ddf1834e121dda22b7aaf0d7321f1c47492e2269c76cd411da1431450029da%3A2%3A%7Bi%3A0%3Bs%3A14%3A%22_csrf-frontend%22%3Bi%3A1%3Bs%3A32%3A%227V2Ildv6wk_crcbw0dz7TtnxQUpN5UzE%22%3B%7D; advanced-api=n7qgpdd7ju7c5cqatk9te1qp1r'
    'PATH' => 'C:\\Program Files (x86)\\Common Files\\Oracle\\Java\\javapath;C:\\Windows\\system32;C:\\Windows;C:\\Windows\\System32\\Wbem;C:\\Windows\\System32\\WindowsPowerShell\\v1.0\\;C:\\Windows\\System32\\OpenSSH\\;C:\\Program Files (x86)\\dotnet\\;C:\\ProgramData\\ComposerSetup\\bin;C:\\Program Files\\Git\\cmd;C:\\wamp64\\bin\\php\\php7.3.21;C:\\Windows\\syswow64\\config\\systemprofile\\AppData\\Local\\Microsoft\\WindowsApps'
    'SystemRoot' => 'C:\\Windows'
    'COMSPEC' => 'C:\\Windows\\system32\\cmd.exe'
    'PATHEXT' => '.COM;.EXE;.BAT;.CMD;.VBS;.VBE;.JS;.JSE;.WSF;.WSH;.MSC'
    'WINDIR' => 'C:\\Windows'
    'SERVER_SIGNATURE' => '<address>Apache/2.4.46 (Win64) PHP/7.3.21 Server at localhost Port 80</address>
'
    'SERVER_SOFTWARE' => 'Apache/2.4.46 (Win64) PHP/7.3.21'
    'SERVER_NAME' => 'localhost'
    'SERVER_ADDR' => '::1'
    'SERVER_PORT' => '80'
    'REMOTE_ADDR' => '::1'
    'DOCUMENT_ROOT' => 'C:/wamp64/www'
    'REQUEST_SCHEME' => 'http'
    'CONTEXT_PREFIX' => ''
    'CONTEXT_DOCUMENT_ROOT' => 'C:/wamp64/www'
    'SERVER_ADMIN' => 'wampserver@wampserver.invalid'
    'SCRIPT_FILENAME' => 'C:/wamp64/www/GFast/api/web/index.php'
    'REMOTE_PORT' => '64536'
    'GATEWAY_INTERFACE' => 'CGI/1.1'
    'SERVER_PROTOCOL' => 'HTTP/1.1'
    'REQUEST_METHOD' => 'GET'
    'QUERY_STRING' => 'r=site%2Findex'
    'REQUEST_URI' => '/gfast/api/web/index.php?r=site%2Findex'
    'SCRIPT_NAME' => '/gfast/api/web/index.php'
    'PHP_SELF' => '/gfast/api/web/index.php'
    'REQUEST_TIME_FLOAT' => 1639163843.1787
    'REQUEST_TIME' => 1639163843
]
2021-12-10 19:17:23 [::1][-][-][error][yii\web\HttpException:404] yii\web\NotFoundHttpException: Page not found. in C:\wamp64\www\GFast\vendor\yiisoft\yii2\web\Request.php:293
Stack trace:
#0 C:\wamp64\www\GFast\vendor\yiisoft\yii2\web\Application.php(83): yii\web\Request->resolve()
#1 C:\wamp64\www\GFast\vendor\yiisoft\yii2\base\Application.php(392): yii\web\Application->handleRequest(Object(yii\web\Request))
#2 C:\wamp64\www\GFast\api\web\index.php(18): yii\base\Application->run()
#3 {main}
2021-12-10 19:17:23 [::1][-][-][info][application] $_GET = [
    'r' => 'site/index'
]

$_POST = []

$_FILES = []

$_COOKIE = [
    'advanced-frontend' => 'n3n2s4e6qbqn8i62pvbtdq0ktr'
    '_identity-frontend' => '8b9470fdd72494267819e283c2720f582dc7ef15cbc07a084539e72682f356e9a:2:{i:0;s:18:\"_identity-frontend\";i:1;s:46:\"[8,\"4tHXaQz54QJ7fe4MHqVPL8D9IZY6SQdg\",2592000]\";}'
    '_csrf-frontend' => '317ddf1834e121dda22b7aaf0d7321f1c47492e2269c76cd411da1431450029da:2:{i:0;s:14:\"_csrf-frontend\";i:1;s:32:\"7V2Ildv6wk_crcbw0dz7TtnxQUpN5UzE\";}'
    'advanced-api' => 'n7qgpdd7ju7c5cqatk9te1qp1r'
]

$_SERVER = [
    'HTTP_HOST' => 'localhost'
    'HTTP_CONNECTION' => 'keep-alive'
    'HTTP_CACHE_CONTROL' => 'max-age=0'
    'HTTP_SEC_CH_UA' => '\" Not A;Brand\";v=\"99\", \"Chromium\";v=\"96\", \"Google Chrome\";v=\"96\"'
    'HTTP_SEC_CH_UA_MOBILE' => '?0'
    'HTTP_SEC_CH_UA_PLATFORM' => '\"Windows\"'
    'HTTP_UPGRADE_INSECURE_REQUESTS' => '1'
    'HTTP_USER_AGENT' => 'Mozilla/5.0 (Windows NT 10.0; Win64; x64) AppleWebKit/537.36 (KHTML, like Gecko) Chrome/96.0.4664.93 Safari/537.36'
    'HTTP_ACCEPT' => 'text/html,application/xhtml+xml,application/xml;q=0.9,image/avif,image/webp,image/apng,*/*;q=0.8,application/signed-exchange;v=b3;q=0.9'
    'HTTP_SEC_FETCH_SITE' => 'none'
    'HTTP_SEC_FETCH_MODE' => 'navigate'
    'HTTP_SEC_FETCH_USER' => '?1'
    'HTTP_SEC_FETCH_DEST' => 'document'
    'HTTP_ACCEPT_ENCODING' => 'gzip, deflate, br'
    'HTTP_ACCEPT_LANGUAGE' => 'pt-PT,pt;q=0.9,en-US;q=0.8,en;q=0.7'
    'HTTP_COOKIE' => 'advanced-frontend=n3n2s4e6qbqn8i62pvbtdq0ktr; _identity-frontend=8b9470fdd72494267819e283c2720f582dc7ef15cbc07a084539e72682f356e9a%3A2%3A%7Bi%3A0%3Bs%3A18%3A%22_identity-frontend%22%3Bi%3A1%3Bs%3A46%3A%22%5B8%2C%224tHXaQz54QJ7fe4MHqVPL8D9IZY6SQdg%22%2C2592000%5D%22%3B%7D; _csrf-frontend=317ddf1834e121dda22b7aaf0d7321f1c47492e2269c76cd411da1431450029da%3A2%3A%7Bi%3A0%3Bs%3A14%3A%22_csrf-frontend%22%3Bi%3A1%3Bs%3A32%3A%227V2Ildv6wk_crcbw0dz7TtnxQUpN5UzE%22%3B%7D; advanced-api=n7qgpdd7ju7c5cqatk9te1qp1r'
    'PATH' => 'C:\\Program Files (x86)\\Common Files\\Oracle\\Java\\javapath;C:\\Windows\\system32;C:\\Windows;C:\\Windows\\System32\\Wbem;C:\\Windows\\System32\\WindowsPowerShell\\v1.0\\;C:\\Windows\\System32\\OpenSSH\\;C:\\Program Files (x86)\\dotnet\\;C:\\ProgramData\\ComposerSetup\\bin;C:\\Program Files\\Git\\cmd;C:\\wamp64\\bin\\php\\php7.3.21;C:\\Windows\\syswow64\\config\\systemprofile\\AppData\\Local\\Microsoft\\WindowsApps'
    'SystemRoot' => 'C:\\Windows'
    'COMSPEC' => 'C:\\Windows\\system32\\cmd.exe'
    'PATHEXT' => '.COM;.EXE;.BAT;.CMD;.VBS;.VBE;.JS;.JSE;.WSF;.WSH;.MSC'
    'WINDIR' => 'C:\\Windows'
    'SERVER_SIGNATURE' => '<address>Apache/2.4.46 (Win64) PHP/7.3.21 Server at localhost Port 80</address>
'
    'SERVER_SOFTWARE' => 'Apache/2.4.46 (Win64) PHP/7.3.21'
    'SERVER_NAME' => 'localhost'
    'SERVER_ADDR' => '::1'
    'SERVER_PORT' => '80'
    'REMOTE_ADDR' => '::1'
    'DOCUMENT_ROOT' => 'C:/wamp64/www'
    'REQUEST_SCHEME' => 'http'
    'CONTEXT_PREFIX' => ''
    'CONTEXT_DOCUMENT_ROOT' => 'C:/wamp64/www'
    'SERVER_ADMIN' => 'wampserver@wampserver.invalid'
    'SCRIPT_FILENAME' => 'C:/wamp64/www/GFast/api/web/index.php'
    'REMOTE_PORT' => '64536'
    'GATEWAY_INTERFACE' => 'CGI/1.1'
    'SERVER_PROTOCOL' => 'HTTP/1.1'
    'REQUEST_METHOD' => 'GET'
    'QUERY_STRING' => 'r=site%2Findex'
    'REQUEST_URI' => '/gfast/api/web/index.php?r=site%2Findex'
    'SCRIPT_NAME' => '/gfast/api/web/index.php'
    'PHP_SELF' => '/gfast/api/web/index.php'
    'REQUEST_TIME_FLOAT' => 1639163843.707
    'REQUEST_TIME' => 1639163843
]
